<?xml version="1.0" encoding="UTF-8"?>
<testng-results skipped="0" failed="0" ignored="0" total="1" passed="1">
  <reporter-output>
  </reporter-output>
  <suite name="Default suite" duration-ms="47408" started-at="2018-07-04T11:31:19Z" finished-at="2018-07-04T11:32:06Z">
    <groups>
    </groups>
    <test name="Default test" duration-ms="47408" started-at="2018-07-04T11:31:19Z" finished-at="2018-07-04T11:32:06Z">
      <class name="Seetest.SampleAndroidTest">
        <test-method status="PASS" signature="setUp()[pri:0, instance:Seetest.SampleAndroidTest@7cbd213e]" name="setUp" is-config="true" duration-ms="33573" started-at="2018-07-04T11:31:19Z" finished-at="2018-07-04T11:31:52Z">
          <reporter-output>
          </reporter-output>
        </test-method> <!-- setUp -->
        <test-method status="PASS" signature="testUntitled()[pri:0, instance:Seetest.SampleAndroidTest@7cbd213e]" name="testUntitled" duration-ms="9663" started-at="2018-07-04T11:31:52Z" finished-at="2018-07-04T11:32:02Z">
          <reporter-output>
          </reporter-output>
        </test-method> <!-- testUntitled -->
        <test-method status="PASS" signature="tearDown()[pri:0, instance:Seetest.SampleAndroidTest@7cbd213e]" name="tearDown" is-config="true" duration-ms="4154" started-at="2018-07-04T11:32:02Z" finished-at="2018-07-04T11:32:06Z">
          <reporter-output>
          </reporter-output>
        </test-method> <!-- tearDown -->
      </class> <!-- Seetest.SampleAndroidTest -->
    </test> <!-- Default test -->
  </suite> <!-- Default suite -->
</testng-results>
